flutter_projects/build/app/intermediates/manifest_merge_blame_file/release/manifest-merger-blame-release-report.txt
1<?xml version="1.0" encoding="utf-8"?>
2<manifest xmlns:android="http://schemas.android.com/apk/res/android"
3    package="com.vandyflintz.emkapp"
4    android:versionCode="4001"
5    android:versionName="1.0.0" >
6
7    <uses-sdk
8        android:minSdkVersion="23"
8-->src\main\AndroidManifest.xml
9        android:targetSdkVersion="30" />
9-->src\main\AndroidManifest.xml
10
11    <uses-permission android:name="android.permission.RECORD_AUDIO" />
11-->src\main\AndroidManifest.xml:3:5-71
11-->src\main\AndroidManifest.xml:3:22-68
12    <uses-permission android:name="android.permission.CAMERA" />
12-->src\main\AndroidManifest.xml:4:5-64
12-->src\main\AndroidManifest.xml:4:22-62
13    <uses-permission android:name="android.permission.FLASHLIGHT" />
13-->src\main\AndroidManifest.xml:5:5-68
13-->src\main\AndroidManifest.xml:5:22-66
14    <uses-permission android:name="android.hardware.camera" />
14-->src\main\AndroidManifest.xml:6:5-62
14-->src\main\AndroidManifest.xml:6:22-60
15    <uses-permission android:name="android.hardware.camera.flash" />
15-->src\main\AndroidManifest.xml:7:5-68
15-->src\main\AndroidManifest.xml:7:22-66
16    <uses-permission android:name="android.permission.WRITE_EXTERNAL_STORAGE" />
16-->src\main\AndroidManifest.xml:8:1-77
16-->src\main\AndroidManifest.xml:8:18-74
17    <uses-permission android:name="android.permission.READ_EXTERNAL_STORAGE" />
17-->src\main\AndroidManifest.xml:9:1-76
17-->src\main\AndroidManifest.xml:9:18-73
18
19    <queries>
19-->[:file_picker] AndroidManifest.xml:9:5-15:15
20        <intent>
20-->[:file_picker] AndroidManifest.xml:10:9-14:18
21            <action android:name="android.intent.action.GET_CONTENT" />
21-->[:file_picker] AndroidManifest.xml:11:13-72
21-->[:file_picker] AndroidManifest.xml:11:21-69
22
23            <data android:mimeType="*/*" />
23-->[:file_picker] AndroidManifest.xml:13:13-44
23-->[:file_picker] AndroidManifest.xml:13:19-41
24        </intent>
25        <intent>
25-->[:flutter_inappwebview] AndroidManifest.xml:8:9-10:18
26            <action android:name="android.support.customtabs.action.CustomTabsService" />
26-->[:flutter_inappwebview] AndroidManifest.xml:9:13-90
26-->[:flutter_inappwebview] AndroidManifest.xml:9:21-87
27        </intent>
28    </queries> <!-- 保持进程在休眠时从屏幕消失 -->
29    <uses-permission android:name="android.permission.WAKE_LOCK" /> <!-- 允许程序修改全局音频设置 -->
29-->[:record_mp3] AndroidManifest.xml:12:5-68
29-->[:record_mp3] AndroidManifest.xml:12:22-65
30    <uses-permission android:name="android.permission.MODIFY_AUDIO_SETTINGS" />
30-->[:record_mp3] AndroidManifest.xml:18:5-80
30-->[:record_mp3] AndroidManifest.xml:18:22-77
31    <uses-permission android:name="android.permission.INTERNET" />
31-->[:audio_manager] AndroidManifest.xml:7:5-67
31-->[:audio_manager] AndroidManifest.xml:7:22-64
32    <uses-permission android:name="android.permission.FOREGROUND_SERVICE" />
32-->[:audio_manager] AndroidManifest.xml:9:5-77
32-->[:audio_manager] AndroidManifest.xml:9:22-74
33    <uses-permission android:name="android.permission.REQUEST_INSTALL_PACKAGES" />
33-->[:open_file] AndroidManifest.xml:8:5-83
33-->[:open_file] AndroidManifest.xml:8:22-80
34    <uses-permission android:name="android.permission.ACCESS_NETWORK_STATE" />
34-->[:flutter_filereader] AndroidManifest.xml:8:5-79
34-->[:flutter_filereader] AndroidManifest.xml:8:22-76
35    <uses-permission android:name="android.permission.ACCESS_WIFI_STATE" />
35-->[:flutter_filereader] AndroidManifest.xml:9:5-76
35-->[:flutter_filereader] AndroidManifest.xml:9:22-73
36
37    <application
37-->src\main\AndroidManifest.xml:10:4-55:19
38        android:appComponentFactory="androidx.core.app.CoreComponentFactory"
38-->[androidx.core:core:1.6.0] AndroidManifest.xml:24:18-86
39        android:extractNativeLibs="false"
40        android:hardwareAccelerated="true"
40-->[:flutter_filereader] AndroidManifest.xml:13:18-52
41        android:icon="@mipmap/ic_launcher"
41-->src\main\AndroidManifest.xml:12:9-43
42        android:label="Em-kapp"
42-->src\main\AndroidManifest.xml:11:9-32
43        android:usesCleartextTraffic="true" >
43-->src\main\AndroidManifest.xml:13:9-44
44        <activity
44-->src\main\AndroidManifest.xml:15:9-45:20
45            android:name="com.vandyflintz.emkapp.MainActivity"
45-->src\main\AndroidManifest.xml:16:13-41
46            android:configChanges="orientation|keyboardHidden|keyboard|screenSize|smallestScreenSize|locale|layoutDirection|fontScale|screenLayout|density|uiMode"
46-->src\main\AndroidManifest.xml:20:13-163
47            android:hardwareAccelerated="true"
47-->src\main\AndroidManifest.xml:21:13-47
48            android:launchMode="singleTop"
48-->src\main\AndroidManifest.xml:17:13-43
49            android:theme="@style/LaunchTheme"
49-->src\main\AndroidManifest.xml:18:13-47
50            android:windowSoftInputMode="adjustResize" >
50-->src\main\AndroidManifest.xml:22:13-55
51
52            <!--
53                 Specifies an Android theme to apply to this Activity as soon as
54                 the Android process has started. This theme is visible to the user
55                 while the Flutter UI initializes. After that, this theme continues
56                 to determine the Window background behind the Flutter UI.
57            -->
58            <meta-data
58-->src\main\AndroidManifest.xml:27:13-30:17
59                android:name="io.flutter.embedding.android.NormalTheme"
59-->src\main\AndroidManifest.xml:28:15-70
60                android:resource="@style/NormalTheme" />
60-->src\main\AndroidManifest.xml:29:15-52
61            <!--
62                 Displays an Android View that continues showing the launch screen
63                 Drawable until Flutter paints its first frame, then this splash
64                 screen fades out. A splash screen is useful to avoid any visual
65                 gap between the end of Android's launch screen and the painting of
66                 Flutter's first frame.
67            -->
68            <meta-data
68-->src\main\AndroidManifest.xml:36:13-39:17
69                android:name="io.flutter.embedding.android.SplashScreenDrawable"
69-->src\main\AndroidManifest.xml:37:15-79
70                android:resource="@drawable/launch_background" />
70-->src\main\AndroidManifest.xml:38:15-61
71
72            <intent-filter>
72-->src\main\AndroidManifest.xml:40:13-43:29
73                <action android:name="android.intent.action.MAIN" />
73-->src\main\AndroidManifest.xml:41:17-68
73-->src\main\AndroidManifest.xml:41:25-66
74
75                <category android:name="android.intent.category.LAUNCHER" />
75-->src\main\AndroidManifest.xml:42:17-76
75-->src\main\AndroidManifest.xml:42:27-74
76            </intent-filter>
77        </activity>
78        <activity
78-->src\main\AndroidManifest.xml:46:9-49:72
79            android:name="com.yalantis.ucrop.UCropActivity"
79-->src\main\AndroidManifest.xml:47:13-60
80            android:screenOrientation="portrait"
80-->src\main\AndroidManifest.xml:48:13-49
81            android:theme="@style/Theme.AppCompat.Light.NoActionBar" />
81-->src\main\AndroidManifest.xml:49:13-69
82        <!--
83             Don't delete the meta-data below.
84             This is used by the Flutter tool to generate GeneratedPluginRegistrant.java
85        -->
86        <meta-data
86-->src\main\AndroidManifest.xml:52:9-54:33
87            android:name="flutterEmbedding"
87-->src\main\AndroidManifest.xml:53:13-44
88            android:value="2" />
88-->src\main\AndroidManifest.xml:54:13-30
89
90        <provider
90-->[:image_picker] AndroidManifest.xml:8:9-16:20
91            android:name="io.flutter.plugins.imagepicker.ImagePickerFileProvider"
91-->[:image_picker] AndroidManifest.xml:9:13-82
92            android:authorities="com.vandyflintz.emkapp.flutter.image_provider"
92-->[:image_picker] AndroidManifest.xml:10:13-74
93            android:exported="false"
93-->[:image_picker] AndroidManifest.xml:11:13-37
94            android:grantUriPermissions="true" >
94-->[:image_picker] AndroidManifest.xml:12:13-47
95            <meta-data
95-->[:image_picker] AndroidManifest.xml:13:13-15:75
96                android:name="android.support.FILE_PROVIDER_PATHS"
96-->[:image_picker] AndroidManifest.xml:14:17-67
97                android:resource="@xml/flutter_image_picker_file_paths" />
97-->[:image_picker] AndroidManifest.xml:15:17-72
98        </provider>
99
100        <activity
100-->[:flutter_inappwebview] AndroidManifest.xml:14:9-17:47
101            android:name="com.pichillilorenzo.flutter_inappwebview.in_app_browser.InAppBrowserActivity"
101-->[:flutter_inappwebview] AndroidManifest.xml:15:13-104
102            android:configChanges="orientation|keyboardHidden|keyboard|screenSize|locale|layoutDirection|fontScale|screenLayout|density"
102-->[:flutter_inappwebview] AndroidManifest.xml:16:13-137
103            android:theme="@style/AppTheme" />
103-->[:flutter_inappwebview] AndroidManifest.xml:17:13-44
104        <activity
104-->[:flutter_inappwebview] AndroidManifest.xml:18:9-20:55
105            android:name="com.pichillilorenzo.flutter_inappwebview.chrome_custom_tabs.ChromeCustomTabsActivity"
105-->[:flutter_inappwebview] AndroidManifest.xml:19:13-112
106            android:theme="@style/ThemeTransparent" />
106-->[:flutter_inappwebview] AndroidManifest.xml:20:13-52
107
108        <receiver android:name="com.pichillilorenzo.flutter_inappwebview.chrome_custom_tabs.ActionBroadcastReceiver" />
108-->[:flutter_inappwebview] AndroidManifest.xml:22:9-120
108-->[:flutter_inappwebview] AndroidManifest.xml:22:19-117
109
110        <meta-data
110-->[:flutter_inappwebview] AndroidManifest.xml:24:9-26:36
111            android:name="io.flutter.embedded_views_preview"
111-->[:flutter_inappwebview] AndroidManifest.xml:25:13-61
112            android:value="true" />
112-->[:flutter_inappwebview] AndroidManifest.xml:26:13-33
113
114        <service android:name="cc.dync.audio_manager.MediaPlayerService" />
114-->[:audio_manager] AndroidManifest.xml:12:9-76
114-->[:audio_manager] AndroidManifest.xml:12:18-73
115
116        <provider
116-->[:share] AndroidManifest.xml:8:9-16:20
117            android:name="io.flutter.plugins.share.ShareFileProvider"
117-->[:share] AndroidManifest.xml:9:13-70
118            android:authorities="com.vandyflintz.emkapp.flutter.share_provider"
118-->[:share] AndroidManifest.xml:10:13-74
119            android:exported="false"
119-->[:share] AndroidManifest.xml:11:13-37
120            android:grantUriPermissions="true" >
120-->[:share] AndroidManifest.xml:12:13-47
121            <meta-data
121-->[:image_picker] AndroidManifest.xml:13:13-15:75
122                android:name="android.support.FILE_PROVIDER_PATHS"
122-->[:image_picker] AndroidManifest.xml:14:17-67
123                android:resource="@xml/flutter_share_file_paths" />
123-->[:image_picker] AndroidManifest.xml:15:17-72
124        </provider>
125        <provider
125-->[:printing] AndroidManifest.xml:8:9-16:20
126            android:name="net.nfet.flutter.printing.PrintFileProvider"
126-->[:printing] AndroidManifest.xml:9:13-71
127            android:authorities="com.vandyflintz.emkapp.flutter.printing"
127-->[:printing] AndroidManifest.xml:10:13-68
128            android:exported="false"
128-->[:printing] AndroidManifest.xml:11:13-37
129            android:grantUriPermissions="true" >
129-->[:printing] AndroidManifest.xml:12:13-47
130            <meta-data
130-->[:image_picker] AndroidManifest.xml:13:13-15:75
131                android:name="android.support.FILE_PROVIDER_PATHS"
131-->[:image_picker] AndroidManifest.xml:14:17-67
132                android:resource="@xml/flutter_printing_file_paths" />
132-->[:image_picker] AndroidManifest.xml:15:17-72
133        </provider>
134        <provider
134-->[:open_file] AndroidManifest.xml:12:9-21:20
135            android:name="com.crazecoder.openfile.FileProvider"
135-->[:open_file] AndroidManifest.xml:13:13-64
136            android:authorities="com.vandyflintz.emkapp.fileProvider.com.crazecoder.openfile"
136-->[:open_file] AndroidManifest.xml:14:13-88
137            android:exported="false"
137-->[:open_file] AndroidManifest.xml:15:13-37
138            android:grantUriPermissions="true" >
138-->[:open_file] AndroidManifest.xml:16:13-47
139            <meta-data
139-->[:image_picker] AndroidManifest.xml:13:13-15:75
140                android:name="android.support.FILE_PROVIDER_PATHS"
140-->[:image_picker] AndroidManifest.xml:14:17-67
141                android:resource="@xml/filepaths" />
141-->[:image_picker] AndroidManifest.xml:15:17-72
142        </provider>
143
144        <activity
144-->[:url_launcher] AndroidManifest.xml:8:9-11:74
145            android:name="io.flutter.plugins.urllauncher.WebViewActivity"
145-->[:url_launcher] AndroidManifest.xml:9:13-74
146            android:exported="false"
146-->[:url_launcher] AndroidManifest.xml:10:13-37
147            android:theme="@android:style/Theme.NoTitleBar.Fullscreen" /> <!-- 在AndroidManifest.xml中增加内核首次加载时优化Service声明；    该Service仅在TBS内核首次Dex加载时触发并执行dex2oat任务，任务完成后自动结束。 -->
147-->[:url_launcher] AndroidManifest.xml:11:13-71
148        <service
148-->[:flutter_filereader] AndroidManifest.xml:16:9-19:41
149            android:name="com.tencent.smtt.export.external.DexClassLoaderProviderService"
149-->[:flutter_filereader] AndroidManifest.xml:17:13-90
150            android:label="dexopt"
150-->[:flutter_filereader] AndroidManifest.xml:18:13-35
151            android:process=":dexopt" />
151-->[:flutter_filereader] AndroidManifest.xml:19:13-38
152
153        <provider
153-->[com.sangcomz:FishBun:0.11.2] AndroidManifest.xml:12:9-20:20
154            android:name="com.sangcomz.fishbun.FishBunFileProvider"
154-->[com.sangcomz:FishBun:0.11.2] AndroidManifest.xml:13:13-68
155            android:authorities="com.vandyflintz.emkapp.fishbunfileprovider"
155-->[com.sangcomz:FishBun:0.11.2] AndroidManifest.xml:14:13-71
156            android:exported="false"
156-->[com.sangcomz:FishBun:0.11.2] AndroidManifest.xml:15:13-37
157            android:grantUriPermissions="true" >
157-->[com.sangcomz:FishBun:0.11.2] AndroidManifest.xml:16:13-47
158            <meta-data
158-->[:image_picker] AndroidManifest.xml:13:13-15:75
159                android:name="android.support.FILE_PROVIDER_PATHS"
159-->[:image_picker] AndroidManifest.xml:14:17-67
160                android:resource="@xml/provider_paths" />
160-->[:image_picker] AndroidManifest.xml:15:17-72
161        </provider>
162
163        <activity
163-->[com.sangcomz:FishBun:0.11.2] AndroidManifest.xml:22:9-25:51
164            android:name="com.sangcomz.fishbun.ui.album.AlbumActivity"
164-->[com.sangcomz:FishBun:0.11.2] AndroidManifest.xml:23:13-71
165            android:label="@string/album"
165-->[com.sangcomz:FishBun:0.11.2] AndroidManifest.xml:24:13-42
166            android:theme="@style/FishBunTheme" />
166-->[com.sangcomz:FishBun:0.11.2] AndroidManifest.xml:25:13-48
167        <activity
167-->[com.sangcomz:FishBun:0.11.2] AndroidManifest.xml:26:9-28:51
168            android:name="com.sangcomz.fishbun.ui.picker.PickerActivity"
168-->[com.sangcomz:FishBun:0.11.2] AndroidManifest.xml:27:13-73
169            android:theme="@style/FishBunTheme" />
169-->[com.sangcomz:FishBun:0.11.2] AndroidManifest.xml:28:13-48
170        <activity
170-->[com.sangcomz:FishBun:0.11.2] AndroidManifest.xml:29:9-31:54
171            android:name="com.sangcomz.fishbun.ui.detail.DetailActivity"
171-->[com.sangcomz:FishBun:0.11.2] AndroidManifest.xml:30:13-73
172            android:theme="@style/DetailViewTheme" />
172-->[com.sangcomz:FishBun:0.11.2] AndroidManifest.xml:31:13-51
173    </application>
174
175</manifest>